  ImageLoader.cpp
  Main.cpp
c:\users\erik\documents\opengl stuff\include\shader.h(61): warning C4101: 'e': unreferenced local variable
c:\program files (x86)\windows kits\10\include\10.0.17763.0\shared\minwindef.h(130): warning C4005: 'APIENTRY': macro redefinition
  c:\users\erik\documents\opengl stuff\include\glad\glad.h(32): note: see previous definition of 'APIENTRY'
c:\users\erik\source\repos\openglminecraft\openglminecraft\main.cpp(89): warning C4244: 'initializing': conversion from 'double' to 'int', possible loss of data
  Generating Code...
  glad.c
c:\program files (x86)\windows kits\10\include\10.0.17763.0\shared\minwindef.h(130): warning C4005: 'APIENTRY': macro redefinition
  c:\users\erik\documents\opengl stuff\include\glad\glad.h(32): note: see previous definition of 'APIENTRY'
Main.obj : error LNK2019: unresolved external symbol glfwInit referenced in function "public: __cdecl GraphicsEngine::GraphicsEngine(char const *,unsigned int,unsigned int)" (??0GraphicsEngine@@QEAA@PEBDII@Z)
Main.obj : error LNK2019: unresolved external symbol glfwTerminate referenced in function "public: __cdecl GraphicsEngine::GraphicsEngine(char const *,unsigned int,unsigned int)" (??0GraphicsEngine@@QEAA@PEBDII@Z)
Main.obj : error LNK2019: unresolved external symbol glfwWindowHint referenced in function "public: __cdecl GraphicsEngine::GraphicsEngine(char const *,unsigned int,unsigned int)" (??0GraphicsEngine@@QEAA@PEBDII@Z)
Main.obj : error LNK2019: unresolved external symbol glfwCreateWindow referenced in function "public: __cdecl GraphicsEngine::GraphicsEngine(char const *,unsigned int,unsigned int)" (??0GraphicsEngine@@QEAA@PEBDII@Z)
Main.obj : error LNK2019: unresolved external symbol glfwWindowShouldClose referenced in function "public: int __cdecl GraphicsEngine::renderFrame(void)" (?renderFrame@GraphicsEngine@@QEAAHXZ)
Main.obj : error LNK2019: unresolved external symbol glfwSetWindowShouldClose referenced in function "void __cdecl processInput(struct GLFWwindow *,class Camera *)" (?processInput@@YAXPEAUGLFWwindow@@PEAVCamera@@@Z)
Main.obj : error LNK2019: unresolved external symbol glfwSetFramebufferSizeCallback referenced in function "public: __cdecl GraphicsEngine::GraphicsEngine(char const *,unsigned int,unsigned int)" (??0GraphicsEngine@@QEAA@PEBDII@Z)
Main.obj : error LNK2019: unresolved external symbol glfwPollEvents referenced in function "public: int __cdecl GraphicsEngine::renderFrame(void)" (?renderFrame@GraphicsEngine@@QEAAHXZ)
Main.obj : error LNK2019: unresolved external symbol glfwGetKey referenced in function "void __cdecl processInput(struct GLFWwindow *,class Camera *)" (?processInput@@YAXPEAUGLFWwindow@@PEAVCamera@@@Z)
Main.obj : error LNK2019: unresolved external symbol glfwMakeContextCurrent referenced in function "public: __cdecl GraphicsEngine::GraphicsEngine(char const *,unsigned int,unsigned int)" (??0GraphicsEngine@@QEAA@PEBDII@Z)
Main.obj : error LNK2019: unresolved external symbol glfwSwapBuffers referenced in function "public: int __cdecl GraphicsEngine::renderFrame(void)" (?renderFrame@GraphicsEngine@@QEAAHXZ)
Main.obj : error LNK2019: unresolved external symbol glfwGetProcAddress referenced in function "public: __cdecl GraphicsEngine::GraphicsEngine(char const *,unsigned int,unsigned int)" (??0GraphicsEngine@@QEAA@PEBDII@Z)
C:\Users\Erik\Documents\OpenGL Stuff\lib\glfw3.lib : warning LNK4272: library machine type 'x86' conflicts with target machine type 'x64'
C:\Users\Erik\source\repos\OpenGLMinecraft\x64\Debug\OpenGLMinecraft.exe : fatal error LNK1120: 12 unresolved externals
