  Main.cpp
c:\users\erik\documents\opengl stuff\include\shader.h(61): warning C4101: 'e': unreferenced local variable
c:\users\erik\source\repos\openglminecraft\openglminecraft\graphicsengine.h(211): warning C4018: '<': signed/unsigned mismatch
c:\users\erik\source\repos\openglminecraft\openglminecraft\graphicsengine.h(212): warning C4018: '<': signed/unsigned mismatch
c:\users\erik\source\repos\openglminecraft\openglminecraft\graphicsengine.h(252): warning C4018: '<': signed/unsigned mismatch
c:\users\erik\source\repos\openglminecraft\openglminecraft\graphicsengine.h(262): warning C4244: 'initializing': conversion from 'float' to 'int', possible loss of data
c:\users\erik\source\repos\openglminecraft\openglminecraft\graphicsengine.h(263): warning C4244: 'initializing': conversion from 'float' to 'int', possible loss of data
c:\users\erik\source\repos\openglminecraft\openglminecraft\graphicsengine.h(265): warning C4018: '>=': signed/unsigned mismatch
c:\users\erik\source\repos\openglminecraft\openglminecraft\graphicsengine.h(276): warning C4018: '>=': signed/unsigned mismatch
c:\users\erik\source\repos\openglminecraft\openglminecraft\graphicsengine.h(392): warning C4018: '<': signed/unsigned mismatch
c:\users\erik\source\repos\openglminecraft\openglminecraft\graphicsengine.h(393): warning C4018: '<': signed/unsigned mismatch
c:\users\erik\source\repos\openglminecraft\openglminecraft\graphicsengine.h(401): warning C4018: '<': signed/unsigned mismatch
c:\users\erik\source\repos\openglminecraft\openglminecraft\graphicsengine.h(402): warning C4018: '<': signed/unsigned mismatch
c:\users\erik\source\repos\openglminecraft\openglminecraft\graphicsengine.h(407): warning C4018: '<': signed/unsigned mismatch
c:\users\erik\source\repos\openglminecraft\openglminecraft\graphicsengine.h(414): warning C4018: '<': signed/unsigned mismatch
c:\users\erik\source\repos\openglminecraft\openglminecraft\graphicsengine.h(458): warning C4018: '<': signed/unsigned mismatch
c:\users\erik\source\repos\openglminecraft\openglminecraft\graphicsengine.h(464): warning C4018: '<': signed/unsigned mismatch
c:\users\erik\source\repos\openglminecraft\openglminecraft\graphicsengine.h(484): warning C4244: 'argument': conversion from 'int' to 'const _Ty', possible loss of data
          with
          [
              _Ty=float
          ]
c:\users\erik\source\repos\openglminecraft\openglminecraft\graphicsengine.h(497): warning C4244: '=': conversion from 'float' to 'int', possible loss of data
c:\users\erik\source\repos\openglminecraft\openglminecraft\graphicsengine.h(563): warning C4018: '<': signed/unsigned mismatch
c:\users\erik\source\repos\openglminecraft\openglminecraft\graphicsengine.h(564): warning C4018: '<': signed/unsigned mismatch
c:\users\erik\source\repos\openglminecraft\openglminecraft\perlinnoise.h(42): warning C4244: 'argument': conversion from 'time_t' to 'unsigned int', possible loss of data
c:\users\erik\source\repos\openglminecraft\openglminecraft\perlinnoise.h(46): warning C4018: '<=': signed/unsigned mismatch
c:\users\erik\source\repos\openglminecraft\openglminecraft\perlinnoise.h(48): warning C4018: '<=': signed/unsigned mismatch
c:\users\erik\source\repos\openglminecraft\openglminecraft\perlinnoise.h(52): warning C4244: 'initializing': conversion from 'double' to 'float', possible loss of data
c:\users\erik\source\repos\openglminecraft\openglminecraft\perlinnoise.h(63): warning C4018: '<': signed/unsigned mismatch
c:\users\erik\source\repos\openglminecraft\openglminecraft\perlinnoise.h(64): warning C4018: '<': signed/unsigned mismatch
c:\users\erik\source\repos\openglminecraft\openglminecraft\perlinnoise.h(110): warning C4018: '<': signed/unsigned mismatch
c:\users\erik\source\repos\openglminecraft\openglminecraft\perlinnoise.h(111): warning C4018: '<': signed/unsigned mismatch
c:\program files (x86)\windows kits\10\include\10.0.17763.0\shared\minwindef.h(130): warning C4005: 'APIENTRY': macro redefinition
  c:\users\erik\documents\opengl stuff\include\glad\glad.h(32): note: see previous definition of 'APIENTRY'
c:\users\erik\source\repos\openglminecraft\openglminecraft\main.cpp(77): warning C4305: 'argument': truncation from 'double' to 'float'
c:\users\erik\source\repos\openglminecraft\openglminecraft\main.cpp(77): warning C4244: 'argument': conversion from 'int' to 'float', possible loss of data
c:\users\erik\source\repos\openglminecraft\openglminecraft\main.cpp(79): warning C4244: 'argument': conversion from 'time_t' to 'unsigned int', possible loss of data
c:\users\erik\source\repos\openglminecraft\openglminecraft\main.cpp(114): warning C4018: '<': signed/unsigned mismatch
c:\users\erik\source\repos\openglminecraft\openglminecraft\main.cpp(155): warning C4244: 'initializing': conversion from '_Rep' to 'int', possible loss of data
          with
          [
              _Rep=__int64
          ]
c:\users\erik\source\repos\openglminecraft\openglminecraft\main.cpp(160): warning C4244: 'initializing': conversion from 'double' to 'int', possible loss of data
c:\users\erik\source\repos\openglminecraft\openglminecraft\main.cpp(232): warning C4244: 'initializing': conversion from 'double' to 'float', possible loss of data
c:\users\erik\source\repos\openglminecraft\openglminecraft\main.cpp(308): warning C4244: '=': conversion from 'double' to 'float', possible loss of data
c:\users\erik\source\repos\openglminecraft\openglminecraft\main.cpp(309): warning C4244: '=': conversion from 'double' to 'float', possible loss of data
c:\users\erik\source\repos\openglminecraft\openglminecraft\main.cpp(313): warning C4244: 'initializing': conversion from 'double' to 'float', possible loss of data
c:\users\erik\source\repos\openglminecraft\openglminecraft\main.cpp(314): warning C4244: 'initializing': conversion from 'double' to 'float', possible loss of data
c:\users\erik\source\repos\openglminecraft\openglminecraft\main.cpp(315): warning C4244: '=': conversion from 'double' to 'float', possible loss of data
c:\users\erik\source\repos\openglminecraft\openglminecraft\main.cpp(316): warning C4244: '=': conversion from 'double' to 'float', possible loss of data
LINK : warning LNK4098: defaultlib 'MSVCRTD' conflicts with use of other libs; use /NODEFAULTLIB:library
  Generating code
  0 of 1452 functions ( 0.0%) were compiled, the rest were copied from previous compilation.
    0 functions were new in current compilation
    0 functions had inline decision re-evaluated but remain unchanged
  Finished generating code
  OpenGLMinecraft.vcxproj -> C:\Users\Erik\source\repos\OpenGLMinecraft\Release\OpenGLMinecraft.exe
